<?xml version="1.0" encoding="UTF-8"?>
<!-- Generated by org.testng.reporters.JUnitReportReporter -->
<testsuite hostname="camilo-all-series" name="org.sunnycake.aton.controller.AppControllerTest" tests="10" failures="0" timestamp="21 Jan 2016 03:48:51 GMT" time="4.885" errors="0">
  <testcase name="eliminarEquipo" time="0.030" classname="org.sunnycake.aton.controller.AppControllerTest"/>
  <testcase name="listarEquipos" time="0.030" classname="org.sunnycake.aton.controller.AppControllerTest"/>
  <testcase name="guardarEquipoConExito" time="4.785" classname="org.sunnycake.aton.controller.AppControllerTest"/>
  <testcase name="actualizarEquipoConExito" time="0.015" classname="org.sunnycake.aton.controller.AppControllerTest"/>
  <testcase name="actualizarEquipoConValidacionDeError" time="0.000" classname="org.sunnycake.aton.controller.AppControllerTest"/>
  <testcase name="guardarEquipoConValidacionDeErrorMacNoUnica" time="0.007" classname="org.sunnycake.aton.controller.AppControllerTest"/>
  <testcase name="guardarEquipoConValidacionDeErrores" time="0.001" classname="org.sunnycake.aton.controller.AppControllerTest"/>
  <testcase name="actualizarEquipoConValidacionDeErrorMacNoUnica" time="0.000" classname="org.sunnycake.aton.controller.AppControllerTest"/>
  <testcase name="editarEquipo" time="0.017" classname="org.sunnycake.aton.controller.AppControllerTest"/>
  <testcase name="nuevoEquipo" time="0.000" classname="org.sunnycake.aton.controller.AppControllerTest"/>
</testsuite> <!-- org.sunnycake.aton.controller.AppControllerTest -->
