<?xml version="1.0" encoding="UTF-8"?>
<!-- Generated by org.testng.reporters.JUnitReportReporter -->
<testsuite hostname="camilo-all-series" name="org.sunnycake.aton.controller.AppControllerTest" tests="10" failures="0" timestamp="7 Jan 2016 04:12:20 GMT" time="0.034" errors="0">
  <testcase name="actualizarEquipoConExito" time="0.023" classname="org.sunnycake.aton.controller.AppControllerTest"/>
  <testcase name="guardarEmpleadoConExito" time="0.004" classname="org.sunnycake.aton.controller.AppControllerTest"/>
  <testcase name="eliminarEquipo" time="0.000" classname="org.sunnycake.aton.controller.AppControllerTest"/>
  <testcase name="editarEquipo" time="0.001" classname="org.sunnycake.aton.controller.AppControllerTest"/>
  <testcase name="guardarEquipoConValidacionDeErrorMacNoUnica" time="0.001" classname="org.sunnycake.aton.controller.AppControllerTest"/>
  <testcase name="guardarEquipoConValidacionDeErrores" time="0.000" classname="org.sunnycake.aton.controller.AppControllerTest"/>
  <testcase name="actualizarEquipoConValidacionDeError" time="0.001" classname="org.sunnycake.aton.controller.AppControllerTest"/>
  <testcase name="actualizarEquipoConValidacionDeErrorMacNoUnica" time="0.001" classname="org.sunnycake.aton.controller.AppControllerTest"/>
  <testcase name="listarEmpleados" time="0.003" classname="org.sunnycake.aton.controller.AppControllerTest"/>
  <testcase name="nuevoEquipo" time="0.000" classname="org.sunnycake.aton.controller.AppControllerTest"/>
</testsuite> <!-- org.sunnycake.aton.controller.AppControllerTest -->
